Determining if the pthread_create exist failed with the following output:
Change Dir: /home/exbot/catkin_ws/build/CMakeFiles/CMakeTmp

Run Build Command:"/usr/bin/make" "cmTC_728b2/fast"
/usr/bin/make -f CMakeFiles/cmTC_728b2.dir/build.make CMakeFiles/cmTC_728b2.dir/build
make[1]: Entering directory '/home/exbot/catkin_ws/build/CMakeFiles/CMakeTmp'
Building C object CMakeFiles/cmTC_728b2.dir/CheckSymbolExists.c.o
/usr/bin/cc    -o CMakeFiles/cmTC_728b2.dir/CheckSymbolExists.c.o   -c /home/exbot/catkin_ws/build/CMakeFiles/CMakeTmp/CheckSymbolExists.c
Linking C executable cmTC_728b2
/usr/local/bin/cmake -E cmake_link_script CMakeFiles/cmTC_728b2.dir/link.txt --verbose=1
/usr/bin/cc      -rdynamic CMakeFiles/cmTC_728b2.dir/CheckSymbolExists.c.o  -o cmTC_728b2 
CMakeFiles/cmTC_728b2.dir/CheckSymbolExists.c.o: In function `main':
CheckSymbolExists.c:(.text+0x16): undefined reference to `pthread_create'
collect2: error: ld returned 1 exit status
CMakeFiles/cmTC_728b2.dir/build.make:97: recipe for target 'cmTC_728b2' failed
make[1]: *** [cmTC_728b2] Error 1
make[1]: Leaving directory '/home/exbot/catkin_ws/build/CMakeFiles/CMakeTmp'
Makefile:126: recipe for target 'cmTC_728b2/fast' failed
make: *** [cmTC_728b2/fast] Error 2

File /home/exbot/catkin_ws/build/CMakeFiles/CMakeTmp/CheckSymbolExists.c:
/* */
#include <pthread.h>

int main(int argc, char** argv)
{
  (void)argv;
#ifndef pthread_create
  return ((int*)(&pthread_create))[argc];
#else
  (void)argc;
  return 0;
#endif
}

Determining if the function pthread_create exists in the pthreads failed with the following output:
Change Dir: /home/exbot/catkin_ws/build/CMakeFiles/CMakeTmp

Run Build Command:"/usr/bin/make" "cmTC_086c5/fast"
/usr/bin/make -f CMakeFiles/cmTC_086c5.dir/build.make CMakeFiles/cmTC_086c5.dir/build
make[1]: Entering directory '/home/exbot/catkin_ws/build/CMakeFiles/CMakeTmp'
Building C object CMakeFiles/cmTC_086c5.dir/CheckFunctionExists.c.o
/usr/bin/cc   -DCHECK_FUNCTION_EXISTS=pthread_create   -o CMakeFiles/cmTC_086c5.dir/CheckFunctionExists.c.o   -c /usr/local/share/cmake-3.10/Modules/CheckFunctionExists.c
Linking C executable cmTC_086c5
/usr/local/bin/cmake -E cmake_link_script CMakeFiles/cmTC_086c5.dir/link.txt --verbose=1
/usr/bin/cc  -DCHECK_FUNCTION_EXISTS=pthread_create    -rdynamic CMakeFiles/cmTC_086c5.dir/CheckFunctionExists.c.o  -o cmTC_086c5 -lpthreads 
/usr/bin/ld: cannot find -lpthreads
collect2: error: ld returned 1 exit status
CMakeFiles/cmTC_086c5.dir/build.make:97: recipe for target 'cmTC_086c5' failed
make[1]: *** [cmTC_086c5] Error 1
make[1]: Leaving directory '/home/exbot/catkin_ws/build/CMakeFiles/CMakeTmp'
Makefile:126: recipe for target 'cmTC_086c5/fast' failed
make: *** [cmTC_086c5/fast] Error 2


